生成启动时间为 2016/9/6 17:22:38。
     1>项目“G:\graphic process\roomGraphtic-v1\roomGraphtic-v1\roomGraphtic-v1.vcxproj”在节点 2 上(build 个目标)。
     1>InitializeBuildStatus:
         正在创建“x64\Debug\roomGraphtic-v1.unsuccessfulbuild”，因为已指定“AlwaysCreate”。
       ClCompile:
         D:\Program Files (x86)\Microsoft Visual Studio 10.0\VC\bin\x86_amd64\CL.exe /c /Zi /nologo /W3 /WX- /Od /D WIN32 /D _DEBUG /D _CONSOLE /D _UNICODE /D UNICODE /Gm /EHsc /RTC1 /MDd /GS /fp:precise /Zc:wchar_t /Zc:forScope /Fo"x64\Debug\\" /Fd"x64\Debug\vc100.pdb" /Gd /TP /errorReport:prompt roomGraphticMain.cpp
         roomGraphticMain.cpp
     1>roomGraphticMain.cpp(68): warning C4267: “初始化”: 从“size_t”转换到“int”，可能丢失数据
     1>roomGraphticMain.cpp(180): warning C4305: “初始化”: 从“double”到“float”截断
       Link:
         D:\Program Files (x86)\Microsoft Visual Studio 10.0\VC\bin\x86_amd64\link.exe /ERRORREPORT:PROMPT /OUT:"G:\graphic process\roomGraphtic-v1\x64\Debug\roomGraphtic-v1.exe" /INCREMENTAL /NOLOGO opencv_calib3d244d.lib opencv_contrib244d.lib opencv_core244d.lib opencv_features2d244d.lib opencv_flann244d.lib opencv_gpu244d.lib opencv_haartraining_engined.lib opencv_highgui244d.lib opencv_imgproc244d.lib opencv_legacy244d.lib opencv_ml244d.lib opencv_nonfree244d.lib opencv_objdetect244d.lib opencv_photo244d.lib opencv_stitching244d.lib opencv_ts244d.lib opencv_video244d.lib opencv_videostab244d.lib kernel32.lib user32.lib gdi32.lib winspool.lib comdlg32.lib advapi32.lib shell32.lib ole32.lib oleaut32.lib uuid.lib odbc32.lib odbccp32.lib /MANIFEST /ManifestFile:"x64\Debug\roomGraphtic-v1.exe.intermediate.manifest" /MANIFESTUAC:"level='asInvoker' uiAccess='false'" /DEBUG /PDB:"G:\graphic process\roomGraphtic-v1\x64\Debug\roomGraphtic-v1.pdb" /SUBSYSTEM:CONSOLE /TLBID:1 /DYNAMICBASE /NXCOMPAT /IMPLIB:"G:\graphic process\roomGraphtic-v1\x64\Debug\roomGraphtic-v1.lib" /MACHINE:X64 x64\Debug\roomGraphticMain.obj
         roomGraphtic-v1.vcxproj -> G:\graphic process\roomGraphtic-v1\x64\Debug\roomGraphtic-v1.exe
       Manifest:
         C:\Program Files (x86)\Microsoft SDKs\Windows\v7.0A\bin\mt.exe /nologo /verbose /out:"G:\graphic process\roomGraphtic-v1\x64\Debug\roomGraphtic-v1.exe.manifest" /manifest "x64\Debug\roomGraphtic-v1.exe.intermediate.manifest"
       FinalizeBuildStatus:
         正在删除文件“x64\Debug\roomGraphtic-v1.unsuccessfulbuild”。
         正在对“x64\Debug\roomGraphtic-v1.lastbuildstate”执行 Touch 任务。
     1>已完成生成项目“G:\graphic process\roomGraphtic-v1\roomGraphtic-v1\roomGraphtic-v1.vcxproj”(build 个目标)的操作。

生成成功。

已用时间 00:00:01.51
